<?xml version="1.0" encoding="UTF-8"?>
<!-- Generated by org.testng.reporters.JUnitXMLReporter -->
<testsuite hostname="DESKTOP-44FFRGA" ignored="0" name="landingtest" tests="2" failures="0" timestamp="23 Feb 2020 16:01:41 GMT" time="36.069" errors="0">
  <testcase name="Validateloginbtn" time="10.76" classname="org.selenium.pom.testcases.landingTest"/>
  <testcase name="chkEmailid" time="0.171" classname="org.selenium.pom.testcases.landingTest">
    <skipped/>
  </testcase> <!-- chkEmailid -->
</testsuite> <!-- landingtest -->
